<?xml version="1.0" encoding="UTF-8"?>
<testng-results skipped="0" failed="0" ignored="0" total="1" passed="1">
  <reporter-output>
  </reporter-output>
  <suite name="Suite" duration-ms="23775" started-at="2018-05-08T10:00:04Z" finished-at="2018-05-08T10:00:28Z">
    <groups>
    </groups>
    <test name="Test" duration-ms="23775" started-at="2018-05-08T10:00:04Z" finished-at="2018-05-08T10:00:28Z">
      <class name="primus.login">
        <test-method status="PASS" signature="primusbank()[pri:0, instance:primus.login@670b40af]" name="primusbank" duration-ms="23714" started-at="2018-05-08T10:00:04Z" finished-at="2018-05-08T10:00:28Z">
          <reporter-output>
          </reporter-output>
        </test-method> <!-- primusbank -->
      </class> <!-- primus.login -->
    </test> <!-- Test -->
  </suite> <!-- Suite -->
</testng-results>
