# JRE version: Java(TM) SE Runtime Environment (8.0_161-b12) (build 1.8.0_161-b12)
# Java VM: Java HotSpot(TM) 64-Bit Server VM (25.161-b12 mixed mode windows-amd64 compressed oops)
Heap:
 PSYoungGen      total 50688K, used 12435K [0x00000000f0b00000, 0x00000000f7a00000, 0x0000000100000000)
  eden space 49152K, 22% used [0x00000000f0b00000,0x00000000f15a4df8,0x00000000f3b00000)
  from space 1536K, 100% used [0x00000000f3b00000,0x00000000f3c80000,0x00000000f3c80000)
  to   space 7680K, 0% used [0x00000000f7280000,0x00000000f7280000,0x00000000f7a00000)
 ParOldGen       total 31744K, used 14239K [0x00000000d2000000, 0x00000000d3f00000, 0x00000000f0b00000)
  object space 31744K, 44% used [0x00000000d2000000,0x00000000d2de7e98,0x00000000d3f00000)
 Metaspace       used 17314K, capacity 17566K, committed 17792K, reserved 1064960K
  class space    used 2065K, capacity 2169K, committed 2176K, reserved 1048576K
GC Heap History (10 events):
Event: 0.739 GC heap before
{Heap before GC invocations=1 (full 0):
 PSYoungGen      total 13824K, used 12288K [0x00000000f0b00000, 0x00000000f1a00000, 0x0000000100000000)
  eden space 12288K, 100% used [0x00000000f0b00000,0x00000000f1700000,0x00000000f1700000)
  from space 1536K, 0% used [0x00000000f1880000,0x00000000f1880000,0x00000000f1a00000)
  to   space 1536K, 0% used [0x00000000f1700000,0x00000000f1700000,0x00000000f1880000)
 ParOldGen       total 31744K, used 0K [0x00000000d2000000, 0x00000000d3f00000, 0x00000000f0b00000)
  object space 31744K, 0% used [0x00000000d2000000,0x00000000d2000000,0x00000000d3f00000)
 Metaspace       used 6034K, capacity 6204K, committed 6400K, reserved 1056768K
  class space    used 670K, capacity 728K, committed 768K, reserved 1048576K
Event: 0.748 GC heap after
Heap after GC invocations=1 (full 0):
 PSYoungGen      total 13824K, used 1524K [0x00000000f0b00000, 0x00000000f2600000, 0x0000000100000000)
  eden space 12288K, 0% used [0x00000000f0b00000,0x00000000f0b00000,0x00000000f1700000)
  from space 1536K, 99% used [0x00000000f1700000,0x00000000f187d0c8,0x00000000f1880000)
  to   space 1536K, 0% used [0x00000000f2480000,0x00000000f2480000,0x00000000f2600000)
 ParOldGen       total 31744K, used 1082K [0x00000000d2000000, 0x00000000d3f00000, 0x00000000f0b00000)
  object space 31744K, 3% used [0x00000000d2000000,0x00000000d210ea30,0x00000000d3f00000)
 Metaspace       used 6034K, capacity 6204K, committed 6400K, reserved 1056768K
  class space    used 670K, capacity 728K, committed 768K, reserved 1048576K
}
Event: 1.121 GC heap before
{Heap before GC invocations=2 (full 0):
 PSYoungGen      total 13824K, used 13812K [0x00000000f0b00000, 0x00000000f2600000, 0x0000000100000000)
  eden space 12288K, 100% used [0x00000000f0b00000,0x00000000f1700000,0x00000000f1700000)
  from space 1536K, 99% used [0x00000000f1700000,0x00000000f187d0c8,0x00000000f1880000)
  to   space 1536K, 0% used [0x00000000f2480000,0x00000000f2480000,0x00000000f2600000)
 ParOldGen       total 31744K, used 1082K [0x00000000d2000000, 0x00000000d3f00000, 0x00000000f0b00000)
  object space 31744K, 3% used [0x00000000d2000000,0x00000000d210ea30,0x00000000d3f00000)
 Metaspace       used 7918K, capacity 8092K, committed 8192K, reserved 1056768K
  class space    used 959K, capacity 1016K, committed 1024K, reserved 1048576K
Event: 1.130 GC heap after
Heap after GC invocations=2 (full 0):
 PSYoungGen      total 26112K, used 1526K [0x00000000f0b00000, 0x00000000f2600000, 0x0000000100000000)
  eden space 24576K, 0% used [0x00000000f0b00000,0x00000000f0b00000,0x00000000f2300000)
  from space 1536K, 99% used [0x00000000f2480000,0x00000000f25fdb58,0x00000000f2600000)
  to   space 1536K, 0% used [0x00000000f2300000,0x00000000f2300000,0x00000000f2480000)
 ParOldGen       total 31744K, used 2704K [0x00000000d2000000, 0x00000000d3f00000, 0x00000000f0b00000)
  object space 31744K, 8% used [0x00000000d2000000,0x00000000d22a4218,0x00000000d3f00000)
 Metaspace       used 7918K, capacity 8092K, committed 8192K, reserved 1056768K
  class space    used 959K, capacity 1016K, committed 1024K, reserved 1048576K
}
Event: 1.836 GC heap before
{Heap before GC invocations=3 (full 0):
 PSYoungGen      total 26112K, used 26102K [0x00000000f0b00000, 0x00000000f2600000, 0x0000000100000000)
  eden space 24576K, 100% used [0x00000000f0b00000,0x00000000f2300000,0x00000000f2300000)
  from space 1536K, 99% used [0x00000000f2480000,0x00000000f25fdb58,0x00000000f2600000)
  to   space 1536K, 0% used [0x00000000f2300000,0x00000000f2300000,0x00000000f2480000)
 ParOldGen       total 31744K, used 2704K [0x00000000d2000000, 0x00000000d3f00000, 0x00000000f0b00000)
  object space 31744K, 8% used [0x00000000d2000000,0x00000000d22a4218,0x00000000d3f00000)
 Metaspace       used 9598K, capacity 9780K, committed 9984K, reserved 1058816K
  class space    used 1162K, capacity 1213K, committed 1280K, reserved 1048576K
Event: 1.848 GC heap after
Heap after GC invocations=3 (full 0):
 PSYoungGen      total 26112K, used 1536K [0x00000000f0b00000, 0x00000000f3e00000, 0x0000000100000000)
  eden space 24576K, 0% used [0x00000000f0b00000,0x00000000f0b00000,0x00000000f2300000)
  from space 1536K, 100% used [0x00000000f2300000,0x00000000f2480000,0x00000000f2480000)
  to   space 1536K, 0% used [0x00000000f3c80000,0x00000000f3c80000,0x00000000f3e00000)
 ParOldGen       total 31744K, used 5266K [0x00000000d2000000, 0x00000000d3f00000, 0x00000000f0b00000)
  object space 31744K, 16% used [0x00000000d2000000,0x00000000d2524ac8,0x00000000d3f00000)
 Metaspace       used 9598K, capacity 9780K, committed 9984K, reserved 1058816K
  class space    used 1162K, capacity 1213K, committed 1280K, reserved 1048576K
}
Event: 2.620 GC heap before
{Heap before GC invocations=4 (full 0):
 PSYoungGen      total 26112K, used 26112K [0x00000000f0b00000, 0x00000000f3e00000, 0x0000000100000000)
  eden space 24576K, 100% used [0x00000000f0b00000,0x00000000f2300000,0x00000000f2300000)
  from space 1536K, 100% used [0x00000000f2300000,0x00000000f2480000,0x00000000f2480000)
  to   space 1536K, 0% used [0x00000000f3c80000,0x00000000f3c80000,0x00000000f3e00000)
 ParOldGen       total 31744K, used 5266K [0x00000000d2000000, 0x00000000d3f00000, 0x00000000f0b00000)
  object space 31744K, 16% used [0x00000000d2000000,0x00000000d2524ac8,0x00000000d3f00000)
 Metaspace       used 12196K, capacity 12398K, committed 12672K, reserved 1060864K
  class space    used 1528K, capacity 1637K, committed 1664K, reserved 1048576K
Event: 2.640 GC heap after
Heap after GC invocations=4 (full 0):
 PSYoungGen      total 50688K, used 1536K [0x00000000f0b00000, 0x00000000f3e00000, 0x0000000100000000)
  eden space 49152K, 0% used [0x00000000f0b00000,0x00000000f0b00000,0x00000000f3b00000)
  from space 1536K, 100% used [0x00000000f3c80000,0x00000000f3e00000,0x00000000f3e00000)
  to   space 1536K, 0% used [0x00000000f3b00000,0x00000000f3b00000,0x00000000f3c80000)
 ParOldGen       total 31744K, used 8960K [0x00000000d2000000, 0x00000000d3f00000, 0x00000000f0b00000)
  object space 31744K, 28% used [0x00000000d2000000,0x00000000d28c01b8,0x00000000d3f00000)
 Metaspace       used 12196K, capacity 12398K, committed 12672K, reserved 1060864K
  class space    used 1528K, capacity 1637K, committed 1664K, reserved 1048576K
}
Event: 4.831 GC heap before
{Heap before GC invocations=5 (full 0):
 PSYoungGen      total 50688K, used 50688K [0x00000000f0b00000, 0x00000000f3e00000, 0x0000000100000000)
  eden space 49152K, 100% used [0x00000000f0b00000,0x00000000f3b00000,0x00000000f3b00000)
  from space 1536K, 100% used [0x00000000f3c80000,0x00000000f3e00000,0x00000000f3e00000)
  to   space 1536K, 0% used [0x00000000f3b00000,0x00000000f3b00000,0x00000000f3c80000)
 ParOldGen       total 31744K, used 8960K [0x00000000d2000000, 0x00000000d3f00000, 0x00000000f0b00000)
  object space 31744K, 28% used [0x00000000d2000000,0x00000000d28c01b8,0x00000000d3f00000)
 Metaspace       used 15399K, capacity 15592K, committed 15872K, reserved 1062912K
  class space    used 1860K, capacity 1940K, committed 2048K, reserved 1048576K
Event: 4.863 GC heap after
Heap after GC invocations=5 (full 0):
 PSYoungGen      total 50688K, used 1536K [0x00000000f0b00000, 0x00000000f7a00000, 0x0000000100000000)
  eden space 49152K, 0% used [0x00000000f0b00000,0x00000000f0b00000,0x00000000f3b00000)
  from space 1536K, 100% used [0x00000000f3b00000,0x00000000f3c80000,0x00000000f3c80000)
  to   space 7680K, 0% used [0x00000000f7280000,0x00000000f7280000,0x00000000f7a00000)
 ParOldGen       total 31744K, used 14239K [0x00000000d2000000, 0x00000000d3f00000, 0x00000000f0b00000)
  object space 31744K, 44% used [0x00000000d2000000,0x00000000d2de7e98,0x00000000d3f00000)
 Metaspace       used 15399K, capacity 15592K, committed 15872K, reserved 1062912K
  class space    used 1860K, capacity 1940K, committed 2048K, reserved 1048576K
}

